<?xml version="1.0" encoding="UTF-8"?>
<!-- Generated by org.testng.reporters.JUnitReportReporter -->
<testsuite skipped="0" hostname="Sony-PC" name="com.seleniumbasic.Test12" tests="1" failures="0" timestamp="10 Apr 2018 02:11:06 GMT" time="11.750" errors="0">
  <testcase name="test" time="11.750" classname="com.seleniumbasic.Test12"/>
</testsuite> <!-- com.seleniumbasic.Test12 -->
